c:\users\евгений\documents\visual studio 2015\projects\dasha1_oop\dasha1_oop\debug\dasha1_oop.pch
c:\users\евгений\documents\visual studio 2015\projects\dasha1_oop\dasha1_oop\debug\vc140.pdb
c:\users\евгений\documents\visual studio 2015\projects\dasha1_oop\dasha1_oop\debug\vc140.idb
c:\users\евгений\documents\visual studio 2015\projects\dasha1_oop\dasha1_oop\debug\stdafx.obj
c:\users\евгений\documents\visual studio 2015\projects\dasha1_oop\dasha1_oop\debug\dasha1_oop.obj
c:\users\евгений\documents\visual studio 2015\projects\dasha1_oop\dasha1_oop\debug\func.obj
c:\users\евгений\documents\методы программирования\даша\2\new class\dasha1_oop\dasha1_oop\debug\dasha1_oop.pch
c:\users\евгений\documents\методы программирования\даша\2\new class\dasha1_oop\dasha1_oop\debug\vc140.pdb
c:\users\евгений\documents\методы программирования\даша\2\new class\dasha1_oop\dasha1_oop\debug\vc140.idb
c:\users\евгений\documents\методы программирования\даша\2\new class\dasha1_oop\dasha1_oop\debug\stdafx.obj
c:\users\евгений\documents\методы программирования\даша\2\new class\dasha1_oop\dasha1_oop\debug\dasha1_oop.obj
c:\users\евгений\documents\методы программирования\даша\2\new class\dasha1_oop\dasha1_oop\debug\func.obj
c:\users\евгений\documents\методы программирования\женя\8\metod-oop\dasha1_oop\dasha1_oop\debug\dasha1_oop.pch
c:\users\евгений\documents\методы программирования\женя\8\metod-oop\dasha1_oop\dasha1_oop\debug\vc140.pdb
c:\users\евгений\documents\методы программирования\женя\8\metod-oop\dasha1_oop\dasha1_oop\debug\vc140.idb
c:\users\евгений\documents\методы программирования\женя\8\metod-oop\dasha1_oop\dasha1_oop\debug\stdafx.obj
c:\users\евгений\documents\методы программирования\женя\8\metod-oop\dasha1_oop\dasha1_oop\debug\dasha1_oop.obj
c:\users\евгений\documents\visual studio 2015\projects\dasha1_oop\debug\dasha1_oop.ilk
c:\users\евгений\documents\visual studio 2015\projects\dasha1_oop\debug\dasha1_oop.exe
c:\users\евгений\documents\visual studio 2015\projects\dasha1_oop\debug\dasha1_oop.pdb
c:\users\евгений\documents\методы программирования\даша\2\new class\dasha1_oop\debug\dasha1_oop.ilk
c:\users\евгений\documents\методы программирования\даша\2\new class\dasha1_oop\debug\dasha1_oop.exe
c:\users\евгений\documents\методы программирования\даша\2\new class\dasha1_oop\debug\dasha1_oop.pdb
c:\users\евгений\documents\методы программирования\женя\8\metod-oop\dasha1_oop\debug\dasha1_oop.pdb
c:\users\евгений\documents\методы программирования\женя\8\metod-oop\dasha1_oop\debug\dasha1_oop.exe
c:\users\евгений\documents\методы программирования\женя\8\metod-oop\dasha1_oop\debug\dasha1_oop.ilk
c:\users\евгений\documents\методы программирования\женя\8\metod-oop\dasha1_oop\dasha1_oop\debug\dasha1_oop.tlog\cl.command.1.tlog
c:\users\евгений\documents\методы программирования\женя\8\metod-oop\dasha1_oop\dasha1_oop\debug\dasha1_oop.tlog\cl.read.1.tlog
c:\users\евгений\documents\методы программирования\женя\8\metod-oop\dasha1_oop\dasha1_oop\debug\dasha1_oop.tlog\cl.write.1.tlog
c:\users\евгений\documents\методы программирования\женя\8\metod-oop\dasha1_oop\dasha1_oop\debug\dasha1_oop.tlog\link.command.1.tlog
c:\users\евгений\documents\методы программирования\женя\8\metod-oop\dasha1_oop\dasha1_oop\debug\dasha1_oop.tlog\link.read.1.tlog
c:\users\евгений\documents\методы программирования\женя\8\metod-oop\dasha1_oop\dasha1_oop\debug\dasha1_oop.tlog\link.write.1.tlog
